Arguments: 
  /usr/local/Cellar/node@16/16.15.0/bin/node /usr/local/Cellar/yarn/1.22.17_2/libexec/bin/yarn.js add https://github.com/bluesky-social/adx

PATH: 
  /usr/local/opt/terraform@0.13/bin:/Library/Frameworks/Python.framework/Versions/3.7/bin:/Users/gv/Downloads/google-cloud-sdk/bin:/usr/local/bin:/usr/bin:/bin:/usr/sbin:/sbin:/Applications/Keybase.app/Contents/SharedSupport/bin

Yarn version: 
  1.22.17

Node version: 
  16.15.0

Platform: 
  darwin x64

Trace: 
  SyntaxError: /Users/gv/use-adx/package.json: Unexpected token } in JSON at position 142
      at JSON.parse (<anonymous>)
      at /usr/local/Cellar/yarn/1.22.17_2/libexec/lib/cli.js:1625:59
      at Generator.next (<anonymous>)
      at step (/usr/local/Cellar/yarn/1.22.17_2/libexec/lib/cli.js:310:30)
      at /usr/local/Cellar/yarn/1.22.17_2/libexec/lib/cli.js:321:13

npm manifest: 
  {
    "name": "use-adx",
    "version": "1.0.0",
    "description": "Demo of importing ADX as a package",
    "main": "index.js",
    "license": "MIT",
  }

yarn manifest: 
  No manifest

Lockfile: 
  # THIS IS AN AUTOGENERATED FILE. DO NOT EDIT THIS FILE DIRECTLY.
  # yarn lockfile v1
  
  
  "@adx/common@../adx/common":
    version "0.0.1"
    dependencies:
      "@ipld/car" "^3.2.3"
      "@ipld/dag-cbor" "^7.0.0"
      axios "^0.24.0"
      ipld-hashmap "^2.1.10"
      level "^7.0.1"
      multiformats "^9.6.4"
      ucans "0.9.0-alpha3"
      uint8arrays "^3.0.0"
  
  "@ipld/car@^3.2.3":
    version "3.2.4"
    resolved "https://registry.yarnpkg.com/@ipld/car/-/car-3.2.4.tgz#115951ba2255ec51d865773a074e422c169fb01c"
    integrity sha512-rezKd+jk8AsTGOoJKqzfjLJ3WVft7NZNH95f0pfPbicROvzTyvHCNy567HzSUd6gRXZ9im29z5ZEv9Hw49jSYw==
    dependencies:
      "@ipld/dag-cbor" "^7.0.0"
      multiformats "^9.5.4"
      varint "^6.0.0"
  
  "@ipld/dag-cbor@^7.0.0":
    version "7.0.1"
    resolved "https://registry.yarnpkg.com/@ipld/dag-cbor/-/dag-cbor-7.0.1.tgz#d46c6bbb9afa55c74a85d0117b4ab389ceb9083b"
    integrity sha512-XqG8VEzHjQDC/Qcy5Gyf1kvAav5VuAugc6c7VtdaRLI+3d8lJrUP3F76GYJNNXuEnRZ58cCBnNNglkIGTdg1+A==
    dependencies:
      cborg "^1.6.0"
      multiformats "^9.5.4"
  
  abstract-leveldown@^7.2.0:
    version "7.2.0"
    resolved "https://registry.yarnpkg.com/abstract-leveldown/-/abstract-leveldown-7.2.0.tgz#08d19d4e26fb5be426f7a57004851b39e1795a2e"
    integrity sha512-DnhQwcFEaYsvYDnACLZhMmCWd3rkOeEvglpa4q5i/5Jlm3UIsWaxVzuXvDLFCSCWRO3yy2/+V/G7FusFgejnfQ==
    dependencies:
      buffer "^6.0.3"
      catering "^2.0.0"
      is-buffer "^2.0.5"
      level-concat-iterator "^3.0.0"
      level-supports "^2.0.1"
      queue-microtask "^1.2.3"
  
  ansi-regex@^5.0.1:
    version "5.0.1"
    resolved "https://registry.yarnpkg.com/ansi-regex/-/ansi-regex-5.0.1.tgz#082cb2c89c9fe8659a311a53bd6a4dc5301db304"
    integrity sha512-quJQXlTSUGL2LH9SUXo8VwsY4soanhgo6LNSm84E1LBcE8s3O0wpdiRzyR9z/ZZJMlMWv37qOOb9pdJlMUEKFQ==
  
  ansi-styles@^4.0.0:
    version "4.3.0"
    resolved "https://registry.yarnpkg.com/ansi-styles/-/ansi-styles-4.3.0.tgz#edd803628ae71c04c85ae7a0906edad34b648937"
    integrity sha512-zbB9rCJAT1rbjiVDb2hqKFHNYLxgtk8NURxZ3IZwD3F6NtxbXZQCnnSi1Lkx+IDohdPlFp222wVALIheZJQSEg==
    dependencies:
      color-convert "^2.0.1"
  
  axios@^0.24.0:
    version "0.24.0"
    resolved "https://registry.yarnpkg.com/axios/-/axios-0.24.0.tgz#804e6fa1e4b9c5288501dd9dff56a7a0940d20d6"
    integrity sha512-Q6cWsys88HoPgAaFAVUb0WpPk0O8iTeisR9IMqy9G8AbO4NlpVknrnQS03zzF9PGAWgO3cgletO3VjV/P7VztA==
    dependencies:
      follow-redirects "^1.14.4"
  
  base64-js@^1.3.1:
    version "1.5.1"
    resolved "https://registry.yarnpkg.com/base64-js/-/base64-js-1.5.1.tgz#1b1b440160a5bf7ad40b650f095963481903930a"
    integrity sha512-AKpaYlHn8t4SVbOHCy+b5+KKgvR4vrsD8vbvrbiQJps7fKDTkjkDry6ji0rUJjC0kzbNePLwzxq8iypo41qeWA==
  
  bit-sequence@^1.1.0:
    version "1.1.0"
    resolved "https://registry.yarnpkg.com/bit-sequence/-/bit-sequence-1.1.0.tgz#a7f2769050153b2b695146031151bd6b40d7dc0b"
    integrity sha512-xi8Zql4GyDj+31c1P4/okMx1TlcH8km0F3HuKEihePUEUzMcCBQTFdfXxoUTSrDWXy8tKB7iVGv6ppVeOYrG1w==
  
  buffer@^6.0.3:
    version "6.0.3"
    resolved "https://registry.yarnpkg.com/buffer/-/buffer-6.0.3.tgz#2ace578459cc8fbe2a70aaa8f52ee63b6a74c6c6"
    integrity sha512-FTiCpNxtwiZZHEZbcbTIcZjERVICn9yq/pDFkTl95/AxzD1naBctN7YO68riM/gLSDY7sdrMby8hofADYuuqOA==
    dependencies:
      base64-js "^1.3.1"
      ieee754 "^1.2.1"
  
  catering@^2.0.0, catering@^2.1.0:
    version "2.1.1"
    resolved "https://registry.yarnpkg.com/catering/-/catering-2.1.1.tgz#66acba06ed5ee28d5286133982a927de9a04b510"
    integrity sha512-K7Qy8O9p76sL3/3m7/zLKbRkyOlSZAgzEaLhyj2mXS8PsCud2Eo4hAb8aLtZqHh0QGqLcb9dlJSu6lHRVENm1w==
  
  cborg@^1.6.0:
    version "1.9.3"
    resolved "https://registry.yarnpkg.com/cborg/-/cborg-1.9.3.tgz#672f4dbcd7149f07de3317848cbab43b20a63d2a"
    integrity sha512-TbdsdV0zs0pOBet7KHu6G+JDnx7DcHcpc2ggNxbyJ+bqA09UGflSJKBLGOqsQy6vM9xzHkrChrz5eRYtzAN3Dw==
  
  cliui@^7.0.2:
    version "7.0.4"
    resolved "https://registry.yarnpkg.com/cliui/-/cliui-7.0.4.tgz#a0265ee655476fc807aea9df3df8df7783808b4f"
    integrity sha512-OcRE68cOsVMXp1Yvonl/fzkQOyjLSu/8bhPDfQt0e0/Eb283TKP20Fs2MqoPsr9SwA595rRCA+QMzYc9nBP+JQ==
    dependencies:
      string-width "^4.2.0"
      strip-ansi "^6.0.0"
      wrap-ansi "^7.0.0"
  
  color-convert@^2.0.1:
    version "2.0.1"
    resolved "https://registry.yarnpkg.com/color-convert/-/color-convert-2.0.1.tgz#72d3a68d598c9bdb3af2ad1e84f21d896abd4de3"
    integrity sha512-RRECPsj7iu/xb5oKYcsFHSppFNnsj/52OVTRKb4zP5onXwVF3zVmmToNcOfGC+CRDpfK/U584fMg38ZHCaElKQ==
    dependencies:
      color-name "~1.1.4"
  
  color-name@~1.1.4:
    version "1.1.4"
    resolved "https://registry.yarnpkg.com/color-name/-/color-name-1.1.4.tgz#c2a09a87acbde69543de6f63fa3995c826c536a2"
    integrity sha512-dOy+3AuW3a2wNbZHIuMZpTcgjGuLU/uBL/ubcZF9OXbDo8ff4O8yVp5Bf0efS8uEoYo5q4Fx7dY9OgQGXgAsQA==
  
  deferred-leveldown@^7.0.0:
    version "7.0.0"
    resolved "https://registry.yarnpkg.com/deferred-leveldown/-/deferred-leveldown-7.0.0.tgz#39802715fda6ec06d0159a8b28bd1c7e2b1cf0bf"
    integrity sha512-QKN8NtuS3BC6m0B8vAnBls44tX1WXAFATUsJlruyAYbZpysWV3siH6o/i3g9DCHauzodksO60bdj5NazNbjCmg==
    dependencies:
      abstract-leveldown "^7.2.0"
      inherits "^2.0.3"
  
  emoji-regex@^8.0.0:
    version "8.0.0"
    resolved "https://registry.yarnpkg.com/emoji-regex/-/emoji-regex-8.0.0.tgz#e818fd69ce5ccfcb404594f842963bf53164cc37"
    integrity sha512-MSjYzcWNOA0ewAHpz0MxpYFvwg6yjy1NG3xteoqz644VCo/RPgnr1/GGt+ic3iJTzQ8Eu3TdM14SawnVUmGE6A==
  
  encoding-down@^7.1.0:
    version "7.1.0"
    resolved "https://registry.yarnpkg.com/encoding-down/-/encoding-down-7.1.0.tgz#8d55b5a20d50eb6f0edaf7233f6aee0ff562386a"
    integrity sha512-ky47X5jP84ryk5EQmvedQzELwVJPjCgXDQZGeb9F6r4PdChByCGHTBrVcF3h8ynKVJ1wVbkxTsDC8zBROPypgQ==
    dependencies:
      abstract-leveldown "^7.2.0"
      inherits "^2.0.3"
      level-codec "^10.0.0"
      level-errors "^3.0.0"
  
  escalade@^3.1.1:
    version "3.1.1"
    resolved "https://registry.yarnpkg.com/escalade/-/escalade-3.1.1.tgz#d8cfdc7000965c5a0174b4a82eaa5c0552742e40"
    integrity sha512-k0er2gUkLf8O0zKJiAhmkTnJlTvINGv7ygDNPbeIsX/TJjGJZHuh9B2UxbsaEkmlEo9MfhrSzmhIlhRlI2GXnw==
  
  follow-redirects@^1.14.4:
    version "1.15.0"
    resolved "https://registry.yarnpkg.com/follow-redirects/-/follow-redirects-1.15.0.tgz#06441868281c86d0dda4ad8bdaead2d02dca89d4"
    integrity sha512-aExlJShTV4qOUOL7yF1U5tvLCB0xQuudbf6toyYA0E/acBNw71mvjFTnLaRp50aQaYocMR0a/RMMBIHeZnGyjQ==
  
  get-caller-file@^2.0.5:
    version "2.0.5"
    resolved "https://registry.yarnpkg.com/get-caller-file/-/get-caller-file-2.0.5.tgz#4f94412a82db32f36e3b0b9741f8a97feb031f7e"
    integrity sha512-DyFP3BM/3YHTQOCUL/w0OZHR0lpKeGrxotcHWcqNEdnltqFwXVfhEBQ94eIo34AfQpo0rGki4cyIiftY06h2Fg==
  
  get-stdin@^8.0.0:
    version "8.0.0"
    resolved "https://registry.yarnpkg.com/get-stdin/-/get-stdin-8.0.0.tgz#cbad6a73feb75f6eeb22ba9e01f89aa28aa97a53"
    integrity sha512-sY22aA6xchAzprjyqmSEQv4UbAAzRN0L2dQB0NlN5acTTK9Don6nhoc3eAbUnpZiCANAMfd/+40kVdKfFygohg==
  
  iamap@^2.0.0:
    version "2.0.11"
    resolved "https://registry.yarnpkg.com/iamap/-/iamap-2.0.11.tgz#124abb1d7fe0a0c208b4b0d58204211bb734c8db"
    integrity sha512-MRRfW3up3d7um1vnlckv9QjAcc9Ia7J4Yc7N/D5dQ3a2fCwiSsMNM+nCz5HXjMYrveyr1w44sQcLvJ6agOrFeQ==
    dependencies:
      bit-sequence "^1.1.0"
  
  ieee754@^1.2.1:
    version "1.2.1"
    resolved "https://registry.yarnpkg.com/ieee754/-/ieee754-1.2.1.tgz#8eb7a10a63fff25d15a57b001586d177d1b0d352"
    integrity sha512-dcyqhDvX1C46lXZcVqCpK+FtMRQVdIMN6/Df5js2zouUsqG7I6sFxitIC+7KYK29KdXOLHdu9zL4sFnoVQnqaA==
  
  inherits@^2.0.3, inherits@^2.0.4:
    version "2.0.4"
    resolved "https://registry.yarnpkg.com/inherits/-/inherits-2.0.4.tgz#0fa2c64f932917c3433a0ded55363aae37416b7c"
    integrity sha512-k/vGaX4/Yla3WzyMCvTQOXYeIHvqOKtnqBduzTHpzpQZzAskKMhZ2K+EnBiSM9zGSoIFeMpXKxa4dYeZIQqewQ==
  
  ipld-hashmap@^2.1.10:
    version "2.1.11"
    resolved "https://registry.yarnpkg.com/ipld-hashmap/-/ipld-hashmap-2.1.11.tgz#1a8f08260cb4aa87f968a698b105550abfdb8ac3"
    integrity sha512-gbjnS4MOKnxtb897a4Hk44gm4m4e0uUMhqGBJ2Chcc2kzW2gsscSRlB667h8JeQKjBP1z8MXcvNunUt3K1Auog==
    dependencies:
      iamap "^2.0.0"
      ipld-schema "^2.0.2"
      ipld-schema-describer "^1.0.3"
      multiformats "^9.1.2"
  
  ipld-schema-describer@^1.0.3:
    version "1.0.10"
    resolved "https://registry.yarnpkg.com/ipld-schema-describer/-/ipld-schema-describer-1.0.10.tgz#e94135db6bf40509862dda5a24053d716963a561"
    integrity sha512-UD2OsvmgXJFIY30LVHAMVGPRXGqZ5fCvll82TD/OuN0JdROpy6xSMYdezgRym0zvjZsbCva/+UWSz7MZ+HF8og==
    dependencies:
      ipld-schema "^2.0.1"
  
  ipld-schema@^2.0.1, ipld-schema@^2.0.2:
    version "2.0.2"
    resolved "https://registry.yarnpkg.com/ipld-schema/-/ipld-schema-2.0.2.tgz#da7ff929aa6a0ba5d2cfa87f2df98d904f8ed792"
    integrity sha512-ojfQ0v2WeKA9vi7oCQTIXY5xS7oY9F+vvzP8BrzPFhnRFkxT/QnZ5V5eyOq8pfQWmfotN2se66MJCBhIqDEA1A==
    dependencies:
      get-stdin "^8.0.0"
      yargs "^17.0.1"
  
  is-buffer@^2.0.5:
    version "2.0.5"
    resolved "https://registry.yarnpkg.com/is-buffer/-/is-buffer-2.0.5.tgz#ebc252e400d22ff8d77fa09888821a24a658c191"
    integrity sha512-i2R6zNFDwgEHJyQUtJEk0XFi1i0dPFn/oqjK3/vPCcDeJvW5NQ83V8QbicfF1SupOaB0h8ntgBC2YiE7dfyctQ==
  
  is-fullwidth-code-point@^3.0.0:
    version "3.0.0"
    resolved "https://registry.yarnpkg.com/is-fullwidth-code-point/-/is-fullwidth-code-point-3.0.0.tgz#f116f8064fe90b3f7844a38997c0b75051269f1d"
    integrity sha512-zymm5+u+sCsSWyD9qNaejV3DFvhCKclKdizYaJUuHA83RLjb7nSuGnddCHGv0hk+KY7BMAlsWeK4Ueg6EV6XQg==
  
  level-codec@^10.0.0:
    version "10.0.0"
    resolved "https://registry.yarnpkg.com/level-codec/-/level-codec-10.0.0.tgz#f9e892770532c6cdcc83529546730791b0c62c12"
    integrity sha512-QW3VteVNAp6c/LuV6nDjg7XDXx9XHK4abmQarxZmlRSDyXYk20UdaJTSX6yzVvQ4i0JyWSB7jert0DsyD/kk6g==
    dependencies:
      buffer "^6.0.3"
  
  level-concat-iterator@^3.0.0:
    version "3.1.0"
    resolved "https://registry.yarnpkg.com/level-concat-iterator/-/level-concat-iterator-3.1.0.tgz#5235b1f744bc34847ed65a50548aa88d22e881cf"
    integrity sha512-BWRCMHBxbIqPxJ8vHOvKUsaO0v1sLYZtjN3K2iZJsRBYtp+ONsY6Jfi6hy9K3+zolgQRryhIn2NRZjZnWJ9NmQ==
    dependencies:
      catering "^2.1.0"
  
  level-errors@^3.0.0, level-errors@^3.0.1:
    version "3.0.1"
    resolved "https://registry.yarnpkg.com/level-errors/-/level-errors-3.0.1.tgz#4bed48a33108cd83b0e39fdf9bbd84e96fbbef9f"
    integrity sha512-tqTL2DxzPDzpwl0iV5+rBCv65HWbHp6eutluHNcVIftKZlQN//b6GEnZDM2CvGZvzGYMwyPtYppYnydBQd2SMQ==
  
  level-iterator-stream@^5.0.0:
    version "5.0.0"
    resolved "https://registry.yarnpkg.com/level-iterator-stream/-/level-iterator-stream-5.0.0.tgz#85b3438e1b4c54ce5aa8c0eb973cfb628117df9e"
    integrity sha512-wnb1+o+CVFUDdiSMR/ZymE2prPs3cjVLlXuDeSq9Zb8o032XrabGEXcTCsBxprAtseO3qvFeGzh6406z9sOTRA==
    dependencies:
      inherits "^2.0.4"
      readable-stream "^3.4.0"
  
  level-js@^6.1.0:
    version "6.1.0"
    resolved "https://registry.yarnpkg.com/level-js/-/level-js-6.1.0.tgz#982ee9e583fca801aa75689c041995d0e7aab4ef"
    integrity sha512-i7mPtkZm68aewfv0FnIUWvFUFfoyzIvVKnUmuQGrelEkP72vSPTaA1SGneWWoCV5KZJG4wlzbJLp1WxVNGuc6A==
    dependencies:
      abstract-leveldown "^7.2.0"
      buffer "^6.0.3"
      inherits "^2.0.3"
      ltgt "^2.1.2"
      run-parallel-limit "^1.1.0"
  
  level-packager@^6.0.1:
    version "6.0.1"
    resolved "https://registry.yarnpkg.com/level-packager/-/level-packager-6.0.1.tgz#46b521e63df7f9728543f6792c0a8fe967e679a0"
    integrity sha512-8Ezr0XM6hmAwqX9uu8IGzGNkWz/9doyPA8Oo9/D7qcMI6meJC+XhIbNYHukJhIn8OGdlzQs/JPcL9B8lA2F6EQ==
    dependencies:
      encoding-down "^7.1.0"
      levelup "^5.1.1"
  
  level-supports@^2.0.1:
    version "2.1.0"
    resolved "https://registry.yarnpkg.com/level-supports/-/level-supports-2.1.0.tgz#9af908d853597ecd592293b2fad124375be79c5f"
    integrity sha512-E486g1NCjW5cF78KGPrMDRBYzPuueMZ6VBXHT6gC7A8UYWGiM14fGgp+s/L1oFfDWSPV/+SFkYCmZ0SiESkRKA==
  
  level@^7.0.1:
    version "7.0.1"
    resolved "https://registry.yarnpkg.com/level/-/level-7.0.1.tgz#05121748d95a4ff7355860d56eb5d0aa36faef2a"
    integrity sha512-w3E64+ALx2eZf8RV5JL4kIcE0BFAvQscRYd1yU4YVqZN9RGTQxXSvH202xvK15yZwFFxRXe60f13LJjcJ//I4Q==
    dependencies:
      level-js "^6.1.0"
      level-packager "^6.0.1"
      leveldown "^6.1.0"
  
  leveldown@^6.1.0:
    version "6.1.1"
    resolved "https://registry.yarnpkg.com/leveldown/-/leveldown-6.1.1.tgz#0f0e480fa88fd807abf94c33cb7e40966ea4b5ce"
    integrity sha512-88c+E+Eizn4CkQOBHwqlCJaTNEjGpaEIikn1S+cINc5E9HEvJ77bqY4JY/HxT5u0caWqsc3P3DcFIKBI1vHt+A==
    dependencies:
      abstract-leveldown "^7.2.0"
      napi-macros "~2.0.0"
      node-gyp-build "^4.3.0"
  
  levelup@^5.1.1:
    version "5.1.1"
    resolved "https://registry.yarnpkg.com/levelup/-/levelup-5.1.1.tgz#9f99699f414ac084a3f8a28fc262a1f49cd7a52c"
    integrity sha512-0mFCcHcEebOwsQuk00WJwjLI6oCjbBuEYdh/RaRqhjnyVlzqf41T1NnDtCedumZ56qyIh8euLFDqV1KfzTAVhg==
    dependencies:
      catering "^2.0.0"
      deferred-leveldown "^7.0.0"
      level-errors "^3.0.1"
      level-iterator-stream "^5.0.0"
      level-supports "^2.0.1"
      queue-microtask "^1.2.3"
  
  ltgt@^2.1.2:
    version "2.2.1"
    resolved "https://registry.yarnpkg.com/ltgt/-/ltgt-2.2.1.tgz#f35ca91c493f7b73da0e07495304f17b31f87ee5"
    integrity sha1-81ypHEk/e3PaDgdJUwTxezH4fuU=
  
  multiformats@^9.1.2, multiformats@^9.4.2, multiformats@^9.5.4, multiformats@^9.6.4:
    version "9.6.5"
    resolved "https://registry.yarnpkg.com/multiformats/-/multiformats-9.6.5.tgz#f2d894a26664b454a90abf5a8911b7e39195db80"
    integrity sha512-vMwf/FUO+qAPvl3vlSZEgEVFY/AxeZq5yg761ScF3CZsXgmTi/HGkicUiNN0CI4PW8FiY2P0OLklOcmQjdQJhw==
  
  napi-macros@~2.0.0:
    version "2.0.0"
    resolved "https://registry.yarnpkg.com/napi-macros/-/napi-macros-2.0.0.tgz#2b6bae421e7b96eb687aa6c77a7858640670001b"
    integrity sha512-A0xLykHtARfueITVDernsAWdtIMbOJgKgcluwENp3AlsKN/PloyO10HtmoqnFAQAcxPkgZN7wdfPfEd0zNGxbg==
  
  node-gyp-build@^4.3.0:
    version "4.4.0"
    resolved "https://registry.yarnpkg.com/node-gyp-build/-/node-gyp-build-4.4.0.tgz#42e99687ce87ddeaf3a10b99dc06abc11021f3f4"
    integrity sha512-amJnQCcgtRVw9SvoebO3BKGESClrfXGCUTX9hSn1OuGQTQBOZmVd0Z0OlecpuRksKvbsUqALE8jls/ErClAPuQ==
  
  one-webcrypto@^1.0.1:
    version "1.0.3"
    resolved "https://registry.yarnpkg.com/one-webcrypto/-/one-webcrypto-1.0.3.tgz#f951243cde29b79b6745ad14966fc598a609997c"
    integrity sha512-fu9ywBVBPx0gS9K0etIROTiCkvI5S1TDjFsYFb3rC1ewFxeOqsbzq7aIMBHsYfrTHBcGXJaONXXjTl8B01cW1Q==
  
  queue-microtask@^1.2.2, queue-microtask@^1.2.3:
    version "1.2.3"
    resolved "https://registry.yarnpkg.com/queue-microtask/-/queue-microtask-1.2.3.tgz#4929228bbc724dfac43e0efb058caf7b6cfb6243"
    integrity sha512-NuaNSa6flKT5JaSYQzJok04JzTL1CA6aGhv5rfLW3PgqA+M2ChpZQnAC8h8i4ZFkBS8X5RqkDBHA7r4hej3K9A==
  
  readable-stream@^3.4.0:
    version "3.6.0"
    resolved "https://registry.yarnpkg.com/readable-stream/-/readable-stream-3.6.0.tgz#337bbda3adc0706bd3e024426a286d4b4b2c9198"
    integrity sha512-BViHy7LKeTz4oNnkcLJ+lVSL6vpiFeX6/d3oSH8zCW7UxP2onchk+vTGB143xuFjHS3deTgkKoXXymXqymiIdA==
    dependencies:
      inherits "^2.0.3"
      string_decoder "^1.1.1"
      util-deprecate "^1.0.1"
  
  require-directory@^2.1.1:
    version "2.1.1"
    resolved "https://registry.yarnpkg.com/require-directory/-/require-directory-2.1.1.tgz#8c64ad5fd30dab1c976e2344ffe7f792a6a6df42"
    integrity sha1-jGStX9MNqxyXbiNE/+f3kqam30I=
  
  run-parallel-limit@^1.1.0:
    version "1.1.0"
    resolved "https://registry.yarnpkg.com/run-parallel-limit/-/run-parallel-limit-1.1.0.tgz#be80e936f5768623a38a963262d6bef8ff11e7ba"
    integrity sha512-jJA7irRNM91jaKc3Hcl1npHsFLOXOoTkPCUL1JEa1R82O2miplXXRaGdjW/KM/98YQWDhJLiSs793CnXfblJUw==
    dependencies:
      queue-microtask "^1.2.2"
  
  safe-buffer@~5.2.0:
    version "5.2.1"
    resolved "https://registry.yarnpkg.com/safe-buffer/-/safe-buffer-5.2.1.tgz#1eaf9fa9bdb1fdd4ec75f58f9cdb4e6b7827eec6"
    integrity sha512-rp3So07KcdmmKbGvgaNxQSJr7bGVSVk5S9Eq1F+ppbRo70+YeaDxkw5Dd8NPN+GD6bjnYm2VuPuCXmpuYvmCXQ==
  
  string-width@^4.1.0, string-width@^4.2.0, string-width@^4.2.3:
    version "4.2.3"
    resolved "https://registry.yarnpkg.com/string-width/-/string-width-4.2.3.tgz#269c7117d27b05ad2e536830a8ec895ef9c6d010"
    integrity sha512-wKyQRQpjJ0sIp62ErSZdGsjMJWsap5oRNihHhu6G7JVO/9jIB6UyevL+tXuOqrng8j/cxKTWyWUwvSTriiZz/g==
    dependencies:
      emoji-regex "^8.0.0"
      is-fullwidth-code-point "^3.0.0"
      strip-ansi "^6.0.1"
  
  string_decoder@^1.1.1:
    version "1.3.0"
    resolved "https://registry.yarnpkg.com/string_decoder/-/string_decoder-1.3.0.tgz#42f114594a46cf1a8e30b0a84f56c78c3edac21e"
    integrity sha512-hkRX8U1WjJFd8LsDJ2yQ/wWWxaopEsABU1XfkM8A+j0+85JAGppt16cr1Whg6KIbb4okU6Mql6BOj+uup/wKeA==
    dependencies:
      safe-buffer "~5.2.0"
  
  strip-ansi@^6.0.0, strip-ansi@^6.0.1:
    version "6.0.1"
    resolved "https://registry.yarnpkg.com/strip-ansi/-/strip-ansi-6.0.1.tgz#9e26c63d30f53443e9489495b2105d37b67a85d9"
    integrity sha512-Y38VPSHcqkFrCpFnQ9vuSXmquuv5oXOKpGeT6aGrr3o3Gc9AlVa6JBfUSOCnbxGGZF+/0ooI7KrPuUSztUdU5A==
    dependencies:
      ansi-regex "^5.0.1"
  
  tweetnacl@^1.0.3:
    version "1.0.3"
    resolved "https://registry.yarnpkg.com/tweetnacl/-/tweetnacl-1.0.3.tgz#ac0af71680458d8a6378d0d0d050ab1407d35596"
    integrity sha512-6rt+RN7aOi1nGMyC4Xa5DdYiukl2UWCbcJft7YhxReBGQD7OAM8Pbxw6YMo4r2diNEA8FEmu32YOn9rhaiE5yw==
  
  ucans@0.9.0-alpha3:
    version "0.9.0-alpha3"
    resolved "https://registry.yarnpkg.com/ucans/-/ucans-0.9.0-alpha3.tgz#1665b0ecf4f68ee77ba41dcb5f37f9064c9dbd4b"
    integrity sha512-52eLo/YnrGf4o7T6Bv2vjPkvq0nSsvxZhkh8EOXwQKMC1hXvVrHArLPgDIyARPynoGw5ZAguzo4A/xibPdHM8Q==
    dependencies:
      one-webcrypto "^1.0.1"
      tweetnacl "^1.0.3"
      uint8arrays "^3.0.0"
  
  uint8arrays@^3.0.0:
    version "3.0.0"
    resolved "https://registry.yarnpkg.com/uint8arrays/-/uint8arrays-3.0.0.tgz#260869efb8422418b6f04e3fac73a3908175c63b"
    integrity sha512-HRCx0q6O9Bfbp+HHSfQQKD7wU70+lydKVt4EghkdOvlK/NlrF90z+eXV34mUd48rNvVJXwkrMSPpCATkct8fJA==
    dependencies:
      multiformats "^9.4.2"
  
  util-deprecate@^1.0.1:
    version "1.0.2"
    resolved "https://registry.yarnpkg.com/util-deprecate/-/util-deprecate-1.0.2.tgz#450d4dc9fa70de732762fbd2d4a28981419a0ccf"
    integrity sha1-RQ1Nyfpw3nMnYvvS1KKJgUGaDM8=
  
  varint@^6.0.0:
    version "6.0.0"
    resolved "https://registry.yarnpkg.com/varint/-/varint-6.0.0.tgz#9881eb0ce8feaea6512439d19ddf84bf551661d0"
    integrity sha512-cXEIW6cfr15lFv563k4GuVuW/fiwjknytD37jIOLSdSWuOI6WnO/oKwmP2FQTU2l01LP8/M5TSAJpzUaGe3uWg==
  
  wrap-ansi@^7.0.0:
    version "7.0.0"
    resolved "https://registry.yarnpkg.com/wrap-ansi/-/wrap-ansi-7.0.0.tgz#67e145cff510a6a6984bdf1152911d69d2eb9e43"
    integrity sha512-YVGIj2kamLSTxw6NsZjoBxfSwsn0ycdesmc4p+Q21c5zPuZ1pl+NfxVdxPtdHvmNVOQ6XSYG4AUtyt/Fi7D16Q==
    dependencies:
      ansi-styles "^4.0.0"
      string-width "^4.1.0"
      strip-ansi "^6.0.0"
  
  y18n@^5.0.5:
    version "5.0.8"
    resolved "https://registry.yarnpkg.com/y18n/-/y18n-5.0.8.tgz#7f4934d0f7ca8c56f95314939ddcd2dd91ce1d55"
    integrity sha512-0pfFzegeDWJHJIAmTLRP2DwHjdF5s7jo9tuztdQxAhINCdvS+3nGINqPd00AphqJR/0LhANUS6/+7SCb98YOfA==
  
  yargs-parser@^21.0.0:
    version "21.0.1"
    resolved "https://registry.yarnpkg.com/yargs-parser/-/yargs-parser-21.0.1.tgz#0267f286c877a4f0f728fceb6f8a3e4cb95c6e35"
    integrity sha512-9BK1jFpLzJROCI5TzwZL/TU4gqjK5xiHV/RfWLOahrjAko/e4DJkRDZQXfvqAsiZzzYhgAzbgz6lg48jcm4GLg==
  
  yargs@^17.0.1:
    version "17.5.1"
    resolved "https://registry.yarnpkg.com/yargs/-/yargs-17.5.1.tgz#e109900cab6fcb7fd44b1d8249166feb0b36e58e"
    integrity sha512-t6YAJcxDkNX7NFYiVtKvWUz8l+PaKTLiL63mJYWR2GnHq2gjEWISzsLp9wg3aY36dY1j+gfIEL3pIF+XlJJfbA==
    dependencies:
      cliui "^7.0.2"
      escalade "^3.1.1"
      get-caller-file "^2.0.5"
      require-directory "^2.1.1"
      string-width "^4.2.3"
      y18n "^5.0.5"
      yargs-parser "^21.0.0"
